app/build/intermediates/manifest_merge_blame_file/debug/manifest-merger-blame-debug-report.txt
1<?xml version="1.0" encoding="utf-8"?>
2<manifest xmlns:android="http://schemas.android.com/apk/res/android"
3    package="inn.mroyek.bismillahsiakad"
4    android:versionCode="1"
5    android:versionName="1.0" >
6
7    <uses-sdk
8        android:minSdkVersion="21"
8-->src\main\AndroidManifest.xml
9        android:targetSdkVersion="29" />
9-->src\main\AndroidManifest.xml
10
11    <uses-permission android:name="android.permission.INTERNET" />
11-->src\main\AndroidManifest.xml:6:5-67
11-->src\main\AndroidManifest.xml:6:22-64
12
13    <application
13-->src\main\AndroidManifest.xml:8:5-30:19
14        android:name="inn.mroyek.bismillahsiakad.MySiakad"
14-->src\main\AndroidManifest.xml:9:9-33
15        android:allowBackup="true"
15-->src\main\AndroidManifest.xml:10:9-35
16        android:appComponentFactory="androidx.core.app.CoreComponentFactory"
16-->[androidx.core:core:1.3.1] AndroidManifest.xml:24:18-86
17        android:debuggable="true"
18        android:icon="@mipmap/ic_launcher"
18-->src\main\AndroidManifest.xml:11:9-43
19        android:label="@string/app_name"
19-->src\main\AndroidManifest.xml:12:9-41
20        android:networkSecurityConfig="@xml/network_config"
20-->src\main\AndroidManifest.xml:13:9-60
21        android:roundIcon="@mipmap/ic_launcher_round"
21-->src\main\AndroidManifest.xml:14:9-54
22        android:supportsRtl="true"
22-->src\main\AndroidManifest.xml:15:9-35
23        android:theme="@style/AppTheme" >
23-->src\main\AndroidManifest.xml:16:9-40
24        <activity android:name="inn.mroyek.bismillahsiakad.presentation.ui.inputnilai.InputNilaiActivity" />
24-->src\main\AndroidManifest.xml:19:9-92
24-->src\main\AndroidManifest.xml:19:19-80
25        <activity android:name="inn.mroyek.bismillahsiakad.presentation.ui.dhs.DhsActivity" />
25-->src\main\AndroidManifest.xml:20:9-69
25-->src\main\AndroidManifest.xml:20:19-66
26        <activity android:name="inn.mroyek.bismillahsiakad.presentation.ui.krs.parent.KrsActivity" />
26-->src\main\AndroidManifest.xml:21:9-76
26-->src\main\AndroidManifest.xml:21:19-73
27        <activity android:name="inn.mroyek.bismillahsiakad.presentation.ui.home.HomeActivity" >
27-->src\main\AndroidManifest.xml:22:9-28:20
27-->src\main\AndroidManifest.xml:22:19-68
28            <intent-filter>
28-->src\main\AndroidManifest.xml:23:13-27:29
29                <action android:name="android.intent.action.MAIN" />
29-->src\main\AndroidManifest.xml:24:17-69
29-->src\main\AndroidManifest.xml:24:25-66
30
31                <category android:name="android.intent.category.LAUNCHER" />
31-->src\main\AndroidManifest.xml:26:17-77
31-->src\main\AndroidManifest.xml:26:27-74
32            </intent-filter>
33        </activity>
34        <activity android:name="inn.mroyek.bismillahsiakad.presentation.ui.login.LoginActivity" />
34-->src\main\AndroidManifest.xml:29:9-73
34-->src\main\AndroidManifest.xml:29:19-70
35    </application>
36
37</manifest>